  Main.cpp
c:\users\vadym\desktop\oop_kochmar\array.h(24): warning C4018: <: несоответствие типов со знаком и без знака
  c:\users\vadym\desktop\oop_kochmar\array.h(17): note: при компиляции функции-члена "<Нет данных>" класса класс <Нет данных>
  c:\users\vadym\desktop\oop_kochmar\sequence.h(55): note: выполняется компиляция ссылки на экземпляр шаблон функции "Array<T>::Array(size_t)"
          with
          [
              T=char
          ]
  c:\users\vadym\desktop\oop_kochmar\sequence.h(100): note: выполняется компиляция ссылки на экземпляр шаблон класс "Array<T>"
          with
          [
              T=char
          ]
  c:\users\vadym\desktop\oop_kochmar\sequence.h(98): note: при компиляции функции-члена "<Нет данных>" класса класс <Нет данных>
  c:\users\vadym\desktop\oop_kochmar\multiset.h(39): note: выполняется компиляция ссылки на экземпляр шаблон функции "T &Sequence<T>::operator [](const size_t)"
          with
          [
              T=char
          ]
  c:\users\vadym\desktop\oop_kochmar\multiset.h(26): note: выполняется компиляция ссылки на экземпляр шаблон класс "Sequence<T>"
          with
          [
              T=char
          ]
  c:\users\vadym\desktop\oop_kochmar\multiset.h(25): note: при компиляции функции-члена "<Нет данных>" класса класс <Нет данных>
  c:\users\vadym\desktop\oop_kochmar\main.cpp(58): note: выполняется компиляция ссылки на экземпляр шаблон функции "Multiset<T>::Multiset(void)"
          with
          [
              T=char
          ]
  c:\users\vadym\desktop\oop_kochmar\set.h(8): note: выполняется компиляция ссылки на экземпляр шаблон класс "Multiset<T>"
          with
          [
              T=char
          ]
  c:\users\vadym\desktop\oop_kochmar\main.cpp(40): note: выполняется компиляция ссылки на экземпляр шаблон класс "Set<char>"
c:\users\vadym\desktop\oop_kochmar\sequence.h(150): warning C4018: <: несоответствие типов со знаком и без знака
  c:\users\vadym\desktop\oop_kochmar\sequence.h(147): note: при компиляции функции-члена "<Нет данных>" класса класс <Нет данных>
  c:\users\vadym\desktop\oop_kochmar\sequence.h(18): note: выполняется компиляция ссылки на экземпляр шаблон функции "void Sequence<T>::resize(void)"
          with
          [
              T=char
          ]
c:\users\vadym\desktop\oop_kochmar\sequence.h(158): warning C4018: <: несоответствие типов со знаком и без знака
c:\users\vadym\desktop\oop_kochmar\sequence.h(103): warning C4715: Sequence<int>::operator[]: значение возвращается не при всех путях выполнения
c:\users\vadym\desktop\oop_kochmar\sequence.h(103): warning C4715: Sequence<double>::operator[]: значение возвращается не при всех путях выполнения
c:\users\vadym\desktop\oop_kochmar\sequence.h(103): warning C4715: Sequence<char>::operator[]: значение возвращается не при всех путях выполнения
  OOP_Kochmar.vcxproj -> C:\Users\Vadym\Desktop\OOP_Kochmar\Debug\OOP_Kochmar.exe
